\BOOKMARK [1][]{section.1}{1\040Introduction}{}% 1
\BOOKMARK [2][]{subsection.1.1}{1.1\040Project\040Background\040Information}{section.1}% 2
\BOOKMARK [2][]{subsection.1.2}{1.2\040Innovation}{section.1}% 3
\BOOKMARK [2][]{subsection.1.3}{1.3\040Necessity}{section.1}% 4
\BOOKMARK [1][]{section.2}{2\040Research\040Project\040content}{}% 5
\BOOKMARK [2][]{subsection.2.1}{2.1\040Research\040content}{section.2}% 6
\BOOKMARK [2][]{subsection.2.2}{2.2\040Plan\040content}{section.2}% 7
\BOOKMARK [1][]{section.3}{3\040Project\040economic\040analysis}{}% 8
\BOOKMARK [2][]{subsection.3.1}{3.1\040Demand\040analysis}{section.3}% 9
\BOOKMARK [2][]{subsection.3.2}{3.2\040Cost\040analysis}{section.3}% 10
\BOOKMARK [3][]{subsubsection.3.2.1}{3.2.1\040Found\040rasing\040plan}{subsection.3.2}% 11
\BOOKMARK [3][]{subsubsection.3.2.2}{3.2.2\040Total\040cost}{subsection.3.2}% 12
\BOOKMARK [2][]{subsection.3.3}{3.3\040Income\040analysis}{section.3}% 13
\BOOKMARK [1][]{section.4}{4\040Financial\040Analysis}{}% 14
\BOOKMARK [2][]{subsection.4.1}{4.1\040Investment\040Analysis}{section.4}% 15
\BOOKMARK [2][]{subsection.4.2}{4.2\040Cash\040Flow\040Statement\040Analysis}{section.4}% 16
\BOOKMARK [2][]{subsection.4.3}{4.3\040Income\040Statement\040Analysis}{section.4}% 17
\BOOKMARK [2][]{subsection.4.4}{4.4\040Loan\040Repayment\040Analysis}{section.4}% 18
\BOOKMARK [1][]{section.5}{5\040Scenario\040Analysis}{}% 19
\BOOKMARK [2][]{subsection.5.1}{5.1\040Definition}{section.5}% 20
\BOOKMARK [2][]{subsection.5.2}{5.2\040Worst\040Condition}{section.5}% 21
\BOOKMARK [3][]{subsubsection.5.2.1}{5.2.1\040Income\040Statement}{subsection.5.2}% 22
\BOOKMARK [3][]{subsubsection.5.2.2}{5.2.2\040Cash\040Flow\040Statement}{subsection.5.2}% 23
\BOOKMARK [2][]{subsection.5.3}{5.3\040Best\040Condition}{section.5}% 24
\BOOKMARK [3][]{subsubsection.5.3.1}{5.3.1\040Income\040Statement}{subsection.5.3}% 25
\BOOKMARK [3][]{subsubsection.5.3.2}{5.3.2\040Cash\040Flow\040Statement}{subsection.5.3}% 26
\BOOKMARK [1][]{section.6}{6\040Summary}{}% 27
\BOOKMARK [1][]{section.6}{References}{}% 28
